<?xml version="1.0" encoding="UTF-8"?>
<!-- Generated by org.testng.reporters.JUnitXMLReporter -->
<testsuite ignored="0" hostname="LAP01682" failures="0" tests="6" name="Default test" time="20.021" errors="0" timestamp="03 Apr 2022 17:38:06 GMT">
  <testcase classname="com.nopcommerce.user.Level_03_Page_Object_02_Login" name="Login_01_Empty_Data" time="1.006"/>
  <testcase classname="com.nopcommerce.user.Level_03_Page_Object_02_Login" name="Login_02_Invalid_Email" time="0.751"/>
  <testcase classname="com.nopcommerce.user.Level_03_Page_Object_02_Login" name="Login_03_Email_Not_Found" time="1.056"/>
  <testcase classname="com.nopcommerce.user.Level_03_Page_Object_02_Login" name="Login_04_Existing_Email_Empty_Password" time="1.206"/>
  <testcase classname="com.nopcommerce.user.Level_03_Page_Object_02_Login" name="Login_05_Existing_Email_Incorrect_Password" time="1.24"/>
  <testcase classname="com.nopcommerce.user.Level_03_Page_Object_02_Login" name="TC_06_Valid_Email_Password" time="3.054"/>
</testsuite> <!-- Default test -->
