<?xml version="1.0" encoding="UTF-8"?>
<!-- Generated by org.testng.reporters.JUnitXMLReporter -->
<testsuite hostname="DESKTOP-LCIKN7Q" ignored="0" name="Run on FIREFOX UI" tests="2" failures="0" timestamp="28 Jul 2021 15:58:13 GMT" time="38.926" errors="0">
  <testcase name="TC_01_RegisterToSystem" time="6.61" classname="com.nopcommerce.user.Level_13_Register_Login_Log_Report_HTML"/>
  <testcase name="TC_02_LoginToSystem" time="23.033" classname="com.nopcommerce.user.Level_13_Register_Login_Log_Report_HTML"/>
</testsuite> <!-- Run on FIREFOX UI -->
