<?xml version="1.0" encoding="UTF-8"?>
<testng-results skipped="0" failed="0" ignored="0" total="2" passed="2">
  <reporter-output>
  </reporter-output>
  <suite name="Suite" duration-ms="38926" started-at="2021-07-28T15:57:34Z" finished-at="2021-07-28T15:58:13Z">
    <groups>
    </groups>
    <test name="Run on FIREFOX UI" duration-ms="38926" started-at="2021-07-28T15:57:34Z" finished-at="2021-07-28T15:58:13Z">
      <class name="com.nopcommerce.user.Level_13_Register_Login_Log_Report_HTML">
        <test-method status="PASS" signature="beforeTest(java.lang.String, java.lang.String)[pri:0, instance:com.nopcommerce.user.Level_13_Register_Login_Log_Report_HTML@4b629f13]" name="beforeTest" is-config="true" duration-ms="8253" started-at="2021-07-28T15:57:34Z" finished-at="2021-07-28T15:57:42Z">
          <params>
            <param index="0">
              <value>
                <![CDATA[firefox_ui]]>
              </value>
            </param>
            <param index="1">
              <value>
                <![CDATA[https://demo.nopcommerce.com/]]>
              </value>
            </param>
          </params>
          <reporter-output>
          </reporter-output>
        </test-method> <!-- beforeTest -->
        <test-method status="PASS" signature="TC_01_RegisterToSystem()[pri:0, instance:com.nopcommerce.user.Level_13_Register_Login_Log_Report_HTML@4b629f13]" name="TC_01_RegisterToSystem" duration-ms="6610" started-at="2021-07-28T15:57:42Z" finished-at="2021-07-28T15:57:49Z">
          <reporter-output>
          </reporter-output>
        </test-method> <!-- TC_01_RegisterToSystem -->
        <test-method status="PASS" signature="TC_02_LoginToSystem()[pri:0, instance:com.nopcommerce.user.Level_13_Register_Login_Log_Report_HTML@4b629f13]" name="TC_02_LoginToSystem" duration-ms="23033" started-at="2021-07-28T15:57:49Z" finished-at="2021-07-28T15:58:12Z">
          <reporter-output>
          </reporter-output>
        </test-method> <!-- TC_02_LoginToSystem -->
        <test-method status="PASS" signature="afterTest()[pri:0, instance:com.nopcommerce.user.Level_13_Register_Login_Log_Report_HTML@4b629f13]" name="afterTest" is-config="true" duration-ms="834" started-at="2021-07-28T15:58:12Z" finished-at="2021-07-28T15:58:13Z">
          <reporter-output>
          </reporter-output>
        </test-method> <!-- afterTest -->
      </class> <!-- com.nopcommerce.user.Level_13_Register_Login_Log_Report_HTML -->
    </test> <!-- Run on FIREFOX UI -->
  </suite> <!-- Suite -->
</testng-results>
